C51 COMPILER V9.54   MAIN                                                                  05/24/2018 16:04:09 PAGE 1   


C51 COMPILER V9.54, COMPILATION OF MODULE MAIN
OBJECT MODULE PLACED IN .\Objects\main.obj
COMPILER INVOKED BY: D:\Keil\C51\BIN\C51.EXE main.c OPTIMIZE(8,SPEED) BROWSE DEBUG OBJECTEXTEND PRINT(.\Listings\main.ls
                    -t) TABS(2) OBJECT(.\Objects\main.obj)

line level    source

   1          #include "pwm.h"
   2          #include "uart.h"
   3          uchar Speed=0;
   4          uint date=0;
   5          void main()
   6          {
   7   1        Init_Timer0();
   8   1        uart_init();
   9   1        while(1)
  10   1        {
  11   2            switch (date)
  12   2            {
  13   3              case 0x01:forward();DelayMs(500);date=0;break;
  14   3              case 0x02:backward();DelayMs(500);date=0;break;
  15   3              case 0x03:left();DelayMs(500);date=0;break;
  16   3              case 0x04:right();DelayMs(500);date=0;break;
  17   3              case 0x05:if(Speed<19)Speed=Speed+1;date=0;break;
  18   3              case 0x06:if(Speed>1)Speed=Speed-1;date=0;break;
  19   3              case 0x07:stop();break;
  20   3            }
  21   2            stop();
  22   2        }
  23   1        
  24   1      }


MODULE INFORMATION:   STATIC OVERLAYABLE
   CODE SIZE        =    113    ----
   CONSTANT SIZE    =   ----    ----
   XDATA SIZE       =   ----    ----
   PDATA SIZE       =   ----    ----
   DATA SIZE        =      3    ----
   IDATA SIZE       =   ----    ----
   BIT SIZE         =   ----    ----
END OF MODULE INFORMATION.


C51 COMPILATION COMPLETE.  0 WARNING(S),  0 ERROR(S)
