C51 COMPILER V9.54   PWM                                                                   05/24/2018 16:04:09 PAGE 1   


C51 COMPILER V9.54, COMPILATION OF MODULE PWM
OBJECT MODULE PLACED IN .\Objects\pwm.obj
COMPILER INVOKED BY: D:\Keil\C51\BIN\C51.EXE pwm.c OPTIMIZE(8,SPEED) BROWSE DEBUG OBJECTEXTEND PRINT(.\Listings\pwm.lst)
                    - TABS(2) OBJECT(.\Objects\pwm.obj)

line level    source

   1          #include "pwm.h"
   2          void DelayUs2x(unsigned char t)
   3          {   
   4   1       while(--t);
   5   1      }
   6          void DelayMs(unsigned char t)
   7          {
   8   1           
   9   1       while(t--)
  10   1       {
  11   2         DelayUs2x(245);
  12   2         DelayUs2x(245);
  13   2       }
  14   1      }
  15          void Init_Timer0(void)
  16          {
  17   1         TMOD |= 0x01;    
  18   1         //TH0=0x00;        
  19   1         //TL0=0x00;
  20   1         EA=1;            
  21   1         ET0=1;          
  22   1         TR0=1;           
  23   1         PT0=1;           
  24   1      }
  25          void forward(void)
  26          {
  27   1        en1=en2=1;
  28   1        in1=in3;
  29   1        in2=in4=0;
  30   1      
  31   1      }
  32          void backward(void)
  33          {
  34   1          int temp=2; 
  35   1          en1=en2=1;
  36   1          Speed=temp;
  37   1          in1=in3;
  38   1          in2=in4=1;
  39   1      
  40   1      }
  41          void left(void)
  42          {
  43   1        en1=en2=1;
  44   1            in2=0;
  45   1            in4=1;
  46   1      
  47   1      }
  48          void right(void)
  49          {
  50   1        en1=en2=1;
  51   1          in2=1;
  52   1          in4=0;
  53   1      
  54   1      }
C51 COMPILER V9.54   PWM                                                                   05/24/2018 16:04:09 PAGE 2   

  55          void stop(void)
  56          {
  57   1        en1=en2=0;
  58   1      
  59   1      }
  60          void Timer0_isr(void) interrupt 1 
  61          {
  62   1       static unsigned char times;
  63   1       TH0=(65536-1000)/256;      //???? 1ms
  64   1       TL0=(65536-1000)%256;
  65   1       
  66   1      
  67   1        if(times>(Speed-1))//???18,???????20-18=2
  68   1        in1=in3=0;
  69   1        else
  70   1        in1=in3=1;
  71   1        times++;
  72   1        if(times==20)
  73   1          times=0;
  74   1        
  75   1      }


MODULE INFORMATION:   STATIC OVERLAYABLE
   CODE SIZE        =    140    ----
   CONSTANT SIZE    =   ----    ----
   XDATA SIZE       =   ----    ----
   PDATA SIZE       =   ----    ----
   DATA SIZE        =      1    ----
   IDATA SIZE       =   ----    ----
   BIT SIZE         =   ----    ----
END OF MODULE INFORMATION.


C51 COMPILATION COMPLETE.  0 WARNING(S),  0 ERROR(S)
